[0.012s] Invoking command in '/home/dahyeon/dev_ws/build/my_first_ros_rclcpp_pkg': CMAKE_PREFIX_PATH=/opt/ros/foxy /usr/bin/cmake /home/dahyeon/dev_ws/src/my_first_ros_rclcpp_pkg -DAMENT_CMAKE_SYMLINK_INSTALL=1 -DCMAKE_INSTALL_PREFIX=/home/dahyeon/dev_ws/install/my_first_ros_rclcpp_pkg
[0.157s] -- The C compiler identification is GNU 9.3.0
[0.251s] -- The CXX compiler identification is GNU 9.3.0
[0.258s] -- Check for working C compiler: /usr/bin/cc
[0.303s] -- Check for working C compiler: /usr/bin/cc -- works
[0.304s] -- Detecting C compiler ABI info
[0.350s] -- Detecting C compiler ABI info - done
[0.359s] -- Detecting C compile features
[0.359s] -- Detecting C compile features - done
[0.362s] -- Check for working CXX compiler: /usr/bin/c++
[0.412s] -- Check for working CXX compiler: /usr/bin/c++ -- works
[0.413s] -- Detecting CXX compiler ABI info
[0.465s] -- Detecting CXX compiler ABI info - done
[0.473s] -- Detecting CXX compile features
[0.473s] -- Detecting CXX compile features - done
[0.476s] -- Found ament_cmake: 0.9.9 (/opt/ros/foxy/share/ament_cmake/cmake)
[0.497s] -- Found PythonInterp: /usr/bin/python3 (found suitable version "3.8.10", minimum required is "3") 
[0.497s] -- Using PYTHON_EXECUTABLE: /usr/bin/python3
[0.633s] -- Override CMake install command with custom implementation using symlinks instead of copying resources
[0.662s] -- Found rclcpp: 2.4.1 (/opt/ros/foxy/share/rclcpp/cmake)
[0.710s] -- Using all available rosidl_typesupport_c: rosidl_typesupport_fastrtps_c;rosidl_typesupport_introspection_c
[0.717s] -- Found rosidl_adapter: 1.2.1 (/opt/ros/foxy/share/rosidl_adapter/cmake)
[0.776s] -- Found OpenSSL: /usr/lib/x86_64-linux-gnu/libcrypto.so (found version "1.1.1f")  
[0.795s] -- Found FastRTPS: /opt/ros/foxy/include  
[0.863s] -- Using all available rosidl_typesupport_cpp: rosidl_typesupport_fastrtps_cpp;rosidl_typesupport_introspection_cpp
[0.919s] -- Found rmw_implementation_cmake: 1.0.3 (/opt/ros/foxy/share/rmw_implementation_cmake/cmake)
[0.921s] -- Using RMW implementation 'rmw_fastrtps_cpp' as default
[0.923s] -- Looking for pthread.h
[0.968s] -- Looking for pthread.h - found
[0.968s] -- Performing Test CMAKE_HAVE_LIBC_PTHREAD
[1.015s] -- Performing Test CMAKE_HAVE_LIBC_PTHREAD - Failed
[1.015s] -- Looking for pthread_create in pthreads
[1.052s] -- Looking for pthread_create in pthreads - not found
[1.053s] -- Looking for pthread_create in pthread
[1.101s] -- Looking for pthread_create in pthread - found
[1.102s] -- Found Threads: TRUE  
[1.242s] -- Found ament_lint_auto: 0.9.6 (/opt/ros/foxy/share/ament_lint_auto/cmake)
[1.301s] -- Added test 'copyright' to check source files copyright and LICENSE
[1.302s] -- Added test 'cppcheck' to perform static code analysis on C / C++ code
[1.302s] -- Configured cppcheck include dirs: 
[1.302s] -- Configured cppcheck exclude dirs and/or files: 
[1.303s] -- Added test 'cpplint' to check C / C++ code against the Google style
[1.303s] -- Configured cpplint exclude dirs and/or files: 
[1.304s] -- Added test 'lint_cmake' to check CMake code style
[1.306s] -- Added test 'uncrustify' to check C / C++ code style
[1.306s] -- Configured uncrustify additional arguments: 
[1.306s] -- Added test 'xmllint' to check XML markup files
[1.310s] -- Configuring done
[1.317s] -- Generating done
[1.318s] -- Build files have been written to: /home/dahyeon/dev_ws/build/my_first_ros_rclcpp_pkg
[1.323s] Invoked command in '/home/dahyeon/dev_ws/build/my_first_ros_rclcpp_pkg' returned '0': CMAKE_PREFIX_PATH=/opt/ros/foxy /usr/bin/cmake /home/dahyeon/dev_ws/src/my_first_ros_rclcpp_pkg -DAMENT_CMAKE_SYMLINK_INSTALL=1 -DCMAKE_INSTALL_PREFIX=/home/dahyeon/dev_ws/install/my_first_ros_rclcpp_pkg
[1.325s] Invoking command in '/home/dahyeon/dev_ws/build/my_first_ros_rclcpp_pkg': CMAKE_PREFIX_PATH=/opt/ros/foxy /usr/bin/cmake --build /home/dahyeon/dev_ws/build/my_first_ros_rclcpp_pkg -- -j12 -l12
[1.351s] [35m[1mScanning dependencies of target helloworld_publisher[0m
[1.351s] [35m[1mScanning dependencies of target helloworld_subscriber[0m
[1.364s] [ 25%] [32mBuilding CXX object CMakeFiles/helloworld_subscriber.dir/src/helloworld_subscriber.cpp.o[0m
[1.391s] [01m[K/home/dahyeon/dev_ws/src/my_first_ros_rclcpp_pkg/src/helloworld_subscriber.cpp:4:10:[m[K [01;31m[Kfatal error: [m[Krclcpp/rclcpp..hpp: No such file or directory
[1.391s]     4 | #include [01;31m[K"rclcpp/rclcpp..hpp"[m[K
[1.391s]       |          [01;31m[K^~~~~~~~~~~~~~~~~~~~[m[K
[1.391s] compilation terminated.
[1.392s] make[2]: *** [CMakeFiles/helloworld_subscriber.dir/build.make:63: CMakeFiles/helloworld_subscriber.dir/src/helloworld_subscriber.cpp.o] Error 1
[1.392s] make[1]: *** [CMakeFiles/Makefile2:80: CMakeFiles/helloworld_subscriber.dir/all] Error 2
[1.392s] make[1]: *** Waiting for unfinished jobs....
[1.440s] [ 50%] [32mBuilding CXX object CMakeFiles/helloworld_publisher.dir/src/helloworld_publisher.cpp.o[0m
[1.515s] [01m[K/home/dahyeon/dev_ws/src/my_first_ros_rclcpp_pkg/src/helloworld_publisher.cpp:9:37:[m[K [01;35m[Kwarning: [m[Kmissing terminating ' character
[1.515s]     9 | using namespace std::chrono_literals[01;35m[K'[m[K
[1.516s]       |                                     [01;35m[K^[m[K
[1.516s] [01m[K/home/dahyeon/dev_ws/src/my_first_ros_rclcpp_pkg/src/helloworld_publisher.cpp:9:37:[m[K [01;31m[Kerror: [m[Kmissing terminating ' character
[2.306s] [01m[K/home/dahyeon/dev_ws/src/my_first_ros_rclcpp_pkg/src/helloworld_publisher.cpp:9:37:[m[K [01;31m[Kerror: [m[Kexpected â€˜[01m[K;[m[Kâ€™ before â€˜[01m[Kclass[m[Kâ€™
[2.306s]     9 | using namespace std::chrono_literals[01;31m[K'[m[K
[2.306s]       |                                     [01;31m[K^[m[K
[2.306s]       |                                     [32m[K;[m[K
[2.306s]    10 | 
[2.306s]    11 | [32m[Kclass[m[K HelloworldPublusher : public rclcpp::Node
[2.306s]       | [32m[K~~~~~[m[K                                
[2.306s] [01m[K/home/dahyeon/dev_ws/src/my_first_ros_rclcpp_pkg/src/helloworld_publisher.cpp:14:22:[m[K [01;31m[Kerror: [m[KISO C++ forbids declaration of â€˜[01m[KHelloworldPublisher[m[Kâ€™ with no type [[01;31m[K-fpermissive[m[K]
[2.306s]    14 |  HelloworldPublisher([01;31m[K)[m[K
[2.306s]       |                      [01;31m[K^[m[K
[2.311s] [01m[K/home/dahyeon/dev_ws/src/my_first_ros_rclcpp_pkg/src/helloworld_publisher.cpp:[m[K In member function â€˜[01m[Kint HelloworldPublusher::HelloworldPublisher()[m[Kâ€™:
[2.311s] [01m[K/home/dahyeon/dev_ws/src/my_first_ros_rclcpp_pkg/src/helloworld_publisher.cpp:15:5:[m[K [01;31m[Kerror: [m[Konly constructors take member initializers
[2.311s]    15 |   : [01;31m[KNode[m[K("helloworld_publisher"), count_(0)
[2.311s]       |     [01;31m[K^~~~[m[K
[2.312s] [01m[K/home/dahyeon/dev_ws/src/my_first_ros_rclcpp_pkg/src/helloworld_publisher.cpp:21:8:[m[K [01;31m[Kerror: [m[Kâ€˜[01m[Kst[m[Kâ€™ has not been declared
[2.312s]    21 |    1s, [01;31m[Kst[m[K::bind(&HelloworldPublusher::publish_helloworld_msg, this));
[2.312s]       |        [01;31m[K^~[m[K
[2.312s] [01m[K/home/dahyeon/dev_ws/src/my_first_ros_rclcpp_pkg/src/helloworld_publisher.cpp:23:2:[m[K [01;35m[Kwarning: [m[Kno return statement in function returning non-void [[01;35m[K-Wreturn-type[m[K]
[2.312s]    23 |  [01;35m[K}[m[K
[2.312s]       |  [01;35m[K^[m[K
[2.319s] [01m[K/home/dahyeon/dev_ws/src/my_first_ros_rclcpp_pkg/src/helloworld_publisher.cpp:[m[K In function â€˜[01m[Kint main(int, char**)[m[Kâ€™:
[2.319s] [01m[K/home/dahyeon/dev_ws/src/my_first_ros_rclcpp_pkg/src/helloworld_publisher.cpp:42:31:[m[K [01;31m[Kerror: [m[Kâ€˜[01m[KHelloworldPublisher[m[Kâ€™ was not declared in this scope; did you mean â€˜[01m[KHelloworldPublusher[m[Kâ€™?
[2.319s]    42 |  auto node = std::make_shared<[01;31m[KHelloworldPublisher[m[K>();
[2.319s]       |                               [01;31m[K^~~~~~~~~~~~~~~~~~~[m[K
[2.319s]       |                               [32m[KHelloworldPublusher[m[K
[2.319s] [01m[K/home/dahyeon/dev_ws/src/my_first_ros_rclcpp_pkg/src/helloworld_publisher.cpp:42:52:[m[K [01;31m[Kerror: [m[Kno matching function for call to â€˜[01m[Kmake_shared<<expression error> >()[m[Kâ€™
[2.319s]    42 |  auto node = std::make_shared<HelloworldPublisher>([01;31m[K)[m[K;
[2.319s]       |                                                    [01;31m[K^[m[K
[2.319s] In file included from [01m[K/usr/include/c++/9/memory:81[m[K,
[2.319s]                  from [01m[K/home/dahyeon/dev_ws/src/my_first_ros_rclcpp_pkg/src/helloworld_publisher.cpp:3[m[K:
[2.319s] [01m[K/usr/include/c++/9/bits/shared_ptr.h:714:5:[m[K [01;36m[Knote: [m[Kcandidate: â€˜[01m[Ktemplate<class _Tp, class ... _Args> std::shared_ptr<_Tp> std::make_shared(_Args&& ...)[m[Kâ€™
[2.319s]   714 |     [01;36m[Kmake_shared[m[K(_Args&&... __args)
[2.319s]       |     [01;36m[K^~~~~~~~~~~[m[K
[2.319s] [01m[K/usr/include/c++/9/bits/shared_ptr.h:714:5:[m[K [01;36m[Knote: [m[K  template argument deduction/substitution failed:
[2.320s] [01m[K/home/dahyeon/dev_ws/src/my_first_ros_rclcpp_pkg/src/helloworld_publisher.cpp:42:52:[m[K [01;31m[Kerror: [m[Ktemplate argument 1 is invalid
[2.320s]    42 |  auto node = std::make_shared<HelloworldPublisher>([01;31m[K)[m[K;
[2.320s]       |                                                    [01;31m[K^[m[K
[2.702s] make[2]: *** [CMakeFiles/helloworld_publisher.dir/build.make:63: CMakeFiles/helloworld_publisher.dir/src/helloworld_publisher.cpp.o] Error 1
[2.703s] make[1]: *** [CMakeFiles/Makefile2:107: CMakeFiles/helloworld_publisher.dir/all] Error 2
[2.703s] make: *** [Makefile:141: all] Error 2
[2.706s] Invoked command in '/home/dahyeon/dev_ws/build/my_first_ros_rclcpp_pkg' returned '2': CMAKE_PREFIX_PATH=/opt/ros/foxy /usr/bin/cmake --build /home/dahyeon/dev_ws/build/my_first_ros_rclcpp_pkg -- -j12 -l12
