[01m[K/home/dahyeon/dev_ws/src/uni/src/alarm/alarmserver.cpp:[m[K In function â€˜[01m[Kstd::string Json_time(std::string)[m[Kâ€™:
[01m[K/home/dahyeon/dev_ws/src/uni/src/alarm/alarmserver.cpp:38:16:[m[K [01;31m[Kerror: [m[Kâ€˜[01m[Kchunk[m[Kâ€™ was not declared in this scope
   38 |   reader.parse([01;31m[Kchunk[m[K, root);
      |                [01;31m[K^~~~~[m[K
[01m[K/home/dahyeon/dev_ws/src/uni/src/alarm/alarmserver.cpp:53:5:[m[K [01;31m[Kerror: [m[Kâ€˜[01m[Kcout[m[Kâ€™ was not declared in this scope; did you mean â€˜[01m[Kstd::cout[m[Kâ€™?
   53 |     [01;31m[Kcout[m[K<<Last.asString()<<endl;
      |     [01;31m[K^~~~[m[K
      |     [32m[Kstd::cout[m[K
In file included from [01m[K/opt/ros/foxy/include/rclcpp/executor.hpp:22[m[K,
                 from [01m[K/opt/ros/foxy/include/rclcpp/executors/multi_threaded_executor.hpp:26[m[K,
                 from [01m[K/opt/ros/foxy/include/rclcpp/executors.hpp:21[m[K,
                 from [01m[K/opt/ros/foxy/include/rclcpp/rclcpp.hpp:146[m[K,
                 from [01m[K/home/dahyeon/dev_ws/src/uni/include/alarm/alarmserver.hpp:4[m[K,
                 from [01m[K/home/dahyeon/dev_ws/src/uni/src/alarm/alarmserver.cpp:1[m[K:
[01m[K/usr/include/c++/9/iostream:61:18:[m[K [01;36m[Knote: [m[Kâ€˜[01m[Kstd::cout[m[Kâ€™ declared here
   61 |   extern ostream [01;36m[Kcout[m[K;  /// Linked to standard output
      |                  [01;36m[K^~~~[m[K
[01m[K/home/dahyeon/dev_ws/src/uni/src/alarm/alarmserver.cpp:53:28:[m[K [01;31m[Kerror: [m[Kâ€˜[01m[Kendl[m[Kâ€™ was not declared in this scope; did you mean â€˜[01m[Kstd::endl[m[Kâ€™?
   53 |     cout<<Last.asString()<<[01;31m[Kendl[m[K;
      |                            [01;31m[K^~~~[m[K
      |                            [32m[Kstd::endl[m[K
In file included from [01m[K/usr/include/c++/9/iostream:39[m[K,
                 from [01m[K/opt/ros/foxy/include/rclcpp/executor.hpp:22[m[K,
                 from [01m[K/opt/ros/foxy/include/rclcpp/executors/multi_threaded_executor.hpp:26[m[K,
                 from [01m[K/opt/ros/foxy/include/rclcpp/executors.hpp:21[m[K,
                 from [01m[K/opt/ros/foxy/include/rclcpp/rclcpp.hpp:146[m[K,
                 from [01m[K/home/dahyeon/dev_ws/src/uni/include/alarm/alarmserver.hpp:4[m[K,
                 from [01m[K/home/dahyeon/dev_ws/src/uni/src/alarm/alarmserver.cpp:1[m[K:
[01m[K/usr/include/c++/9/ostream:599:5:[m[K [01;36m[Knote: [m[Kâ€˜[01m[Kstd::endl[m[Kâ€™ declared here
  599 |     [01;36m[Kendl[m[K(basic_ostream<_CharT, _Traits>& __os)
      |     [01;36m[K^~~~[m[K
[01m[K/home/dahyeon/dev_ws/src/uni/src/alarm/alarmserver.cpp:60:1:[m[K [01;35m[Kwarning: [m[Kno return statement in function returning non-void [[01;35m[K-Wreturn-type[m[K]
   60 | [01;35m[K}[m[K
      | [01;35m[K^[m[K
[01m[K/home/dahyeon/dev_ws/src/uni/src/alarm/alarmserver.cpp:34:35:[m[K [01;35m[Kwarning: [m[Kunused parameter â€˜[01m[Kstr[m[Kâ€™ [[01;35m[K-Wunused-parameter[m[K]
   34 | std::string Json_time([01;35m[Kstd::string str[m[K)
      |                       [01;35m[K~~~~~~~~~~~~^~~[m[K
make[2]: *** [CMakeFiles/alarmserver.dir/build.make:63: CMakeFiles/alarmserver.dir/src/alarm/alarmserver.cpp.o] Error 1
make[1]: *** [CMakeFiles/Makefile2:107: CMakeFiles/alarmserver.dir/all] Error 2
make: *** [Makefile:141: all] Error 2
