[0.016s] Invoking command in '/home/dahyeon/dev_ws/build/uni': CMAKE_PREFIX_PATH=${CMAKE_PREFIX_PATH}:/home/dahyeon/dev_ws/install/topic_service_action_rclpy_example:/home/dahyeon/dev_ws/install/time_rclpy_example:/home/dahyeon/dev_ws/install/tf2_rclpy_example:/home/dahyeon/dev_ws/install/ros2env:/home/dahyeon/dev_ws/install/my_first_ros_rclpy_pkg:/home/dahyeon/dev_ws/install/logging_rclpy_example:/opt/ros/foxy /usr/bin/cmake --build /home/dahyeon/dev_ws/build/uni -- -j12 -l12
[0.071s] [35m[1mScanning dependencies of target alarmserver[0m
[0.072s] [35m[1mScanning dependencies of target alarmclient[0m
[0.075s] make[2]: *** No rule to make target '/home/dahyeon/dev_ws/src/uni/src/alarmclient.cpp', needed by 'CMakeFiles/alarmclient.dir/src/alarmclient.cpp.o'.  Stop.
[0.075s] make[2]: *** No rule to make target '/home/dahyeon/dev_ws/src/uni/src/alarmserver.cpp', needed by 'CMakeFiles/alarmserver.dir/src/alarmserver.cpp.o'.  Stop.
[0.075s] make[1]: *** [CMakeFiles/Makefile2:107: CMakeFiles/alarmserver.dir/all] Error 2
[0.076s] make[1]: *** Waiting for unfinished jobs....
[0.076s] make[1]: *** [CMakeFiles/Makefile2:80: CMakeFiles/alarmclient.dir/all] Error 2
[0.076s] make: *** [Makefile:141: all] Error 2
[0.078s] Invoked command in '/home/dahyeon/dev_ws/build/uni' returned '2': CMAKE_PREFIX_PATH=${CMAKE_PREFIX_PATH}:/home/dahyeon/dev_ws/install/topic_service_action_rclpy_example:/home/dahyeon/dev_ws/install/time_rclpy_example:/home/dahyeon/dev_ws/install/tf2_rclpy_example:/home/dahyeon/dev_ws/install/ros2env:/home/dahyeon/dev_ws/install/my_first_ros_rclpy_pkg:/home/dahyeon/dev_ws/install/logging_rclpy_example:/opt/ros/foxy /usr/bin/cmake --build /home/dahyeon/dev_ws/build/uni -- -j12 -l12
