[ 25%] [32mBuilding CXX object CMakeFiles/helloworld_subscriber.dir/src/helloworld_subscriber.cpp.o[0m
[ 50%] [32mBuilding CXX object CMakeFiles/helloworld_publisher.dir/src/helloworld_publisher.cpp.o[0m
[01m[K/home/dahyeon/dev_ws/src/my_first_ros_rclcpp_pkg/src/helloworld_subscriber.cpp:4:10:[m[K [01;31m[Kfatal error: [m[Krclcpp/rclcpp..hpp: No such file or directory
    4 | #include [01;31m[K"rclcpp/rclcpp..hpp"[m[K
      |          [01;31m[K^~~~~~~~~~~~~~~~~~~~[m[K
compilation terminated.
make[2]: *** [CMakeFiles/helloworld_subscriber.dir/build.make:63: CMakeFiles/helloworld_subscriber.dir/src/helloworld_subscriber.cpp.o] Error 1
make[1]: *** [CMakeFiles/Makefile2:80: CMakeFiles/helloworld_subscriber.dir/all] Error 2
make[1]: *** Waiting for unfinished jobs....
[01m[K/home/dahyeon/dev_ws/src/my_first_ros_rclcpp_pkg/src/helloworld_publisher.cpp:9:37:[m[K [01;35m[Kwarning: [m[Kmissing terminating ' character
    9 | using namespace std::chrono_literals[01;35m[K'[m[K
      |                                     [01;35m[K^[m[K
[01m[K/home/dahyeon/dev_ws/src/my_first_ros_rclcpp_pkg/src/helloworld_publisher.cpp:9:37:[m[K [01;31m[Kerror: [m[Kmissing terminating ' character
[01m[K/home/dahyeon/dev_ws/src/my_first_ros_rclcpp_pkg/src/helloworld_publisher.cpp:9:37:[m[K [01;31m[Kerror: [m[Kexpected â€˜[01m[K;[m[Kâ€™ before â€˜[01m[Kclass[m[Kâ€™
    9 | using namespace std::chrono_literals[01;31m[K'[m[K
      |                                     [01;31m[K^[m[K
      |                                     [32m[K;[m[K
   10 | 
   11 | [32m[Kclass[m[K HelloworldPublusher : public rclcpp::Node
      | [32m[K~~~~~[m[K                                
[01m[K/home/dahyeon/dev_ws/src/my_first_ros_rclcpp_pkg/src/helloworld_publisher.cpp:14:22:[m[K [01;31m[Kerror: [m[KISO C++ forbids declaration of â€˜[01m[KHelloworldPublisher[m[Kâ€™ with no type [[01;31m[K-fpermissive[m[K]
   14 |  HelloworldPublisher([01;31m[K)[m[K
      |                      [01;31m[K^[m[K
[01m[K/home/dahyeon/dev_ws/src/my_first_ros_rclcpp_pkg/src/helloworld_publisher.cpp:[m[K In member function â€˜[01m[Kint HelloworldPublusher::HelloworldPublisher()[m[Kâ€™:
[01m[K/home/dahyeon/dev_ws/src/my_first_ros_rclcpp_pkg/src/helloworld_publisher.cpp:15:5:[m[K [01;31m[Kerror: [m[Konly constructors take member initializers
   15 |   : [01;31m[KNode[m[K("helloworld_publisher"), count_(0)
      |     [01;31m[K^~~~[m[K
[01m[K/home/dahyeon/dev_ws/src/my_first_ros_rclcpp_pkg/src/helloworld_publisher.cpp:21:8:[m[K [01;31m[Kerror: [m[Kâ€˜[01m[Kst[m[Kâ€™ has not been declared
   21 |    1s, [01;31m[Kst[m[K::bind(&HelloworldPublusher::publish_helloworld_msg, this));
      |        [01;31m[K^~[m[K
[01m[K/home/dahyeon/dev_ws/src/my_first_ros_rclcpp_pkg/src/helloworld_publisher.cpp:23:2:[m[K [01;35m[Kwarning: [m[Kno return statement in function returning non-void [[01;35m[K-Wreturn-type[m[K]
   23 |  [01;35m[K}[m[K
      |  [01;35m[K^[m[K
[01m[K/home/dahyeon/dev_ws/src/my_first_ros_rclcpp_pkg/src/helloworld_publisher.cpp:[m[K In function â€˜[01m[Kint main(int, char**)[m[Kâ€™:
[01m[K/home/dahyeon/dev_ws/src/my_first_ros_rclcpp_pkg/src/helloworld_publisher.cpp:42:31:[m[K [01;31m[Kerror: [m[Kâ€˜[01m[KHelloworldPublisher[m[Kâ€™ was not declared in this scope; did you mean â€˜[01m[KHelloworldPublusher[m[Kâ€™?
   42 |  auto node = std::make_shared<[01;31m[KHelloworldPublisher[m[K>();
      |                               [01;31m[K^~~~~~~~~~~~~~~~~~~[m[K
      |                               [32m[KHelloworldPublusher[m[K
[01m[K/home/dahyeon/dev_ws/src/my_first_ros_rclcpp_pkg/src/helloworld_publisher.cpp:42:52:[m[K [01;31m[Kerror: [m[Kno matching function for call to â€˜[01m[Kmake_shared<<expression error> >()[m[Kâ€™
   42 |  auto node = std::make_shared<HelloworldPublisher>([01;31m[K)[m[K;
      |                                                    [01;31m[K^[m[K
In file included from [01m[K/usr/include/c++/9/memory:81[m[K,
                 from [01m[K/home/dahyeon/dev_ws/src/my_first_ros_rclcpp_pkg/src/helloworld_publisher.cpp:3[m[K:
[01m[K/usr/include/c++/9/bits/shared_ptr.h:714:5:[m[K [01;36m[Knote: [m[Kcandidate: â€˜[01m[Ktemplate<class _Tp, class ... _Args> std::shared_ptr<_Tp> std::make_shared(_Args&& ...)[m[Kâ€™
  714 |     [01;36m[Kmake_shared[m[K(_Args&&... __args)
      |     [01;36m[K^~~~~~~~~~~[m[K
[01m[K/usr/include/c++/9/bits/shared_ptr.h:714:5:[m[K [01;36m[Knote: [m[K  template argument deduction/substitution failed:
[01m[K/home/dahyeon/dev_ws/src/my_first_ros_rclcpp_pkg/src/helloworld_publisher.cpp:42:52:[m[K [01;31m[Kerror: [m[Ktemplate argument 1 is invalid
   42 |  auto node = std::make_shared<HelloworldPublisher>([01;31m[K)[m[K;
      |                                                    [01;31m[K^[m[K
make[2]: *** [CMakeFiles/helloworld_publisher.dir/build.make:63: CMakeFiles/helloworld_publisher.dir/src/helloworld_publisher.cpp.o] Error 1
make[1]: *** [CMakeFiles/Makefile2:107: CMakeFiles/helloworld_publisher.dir/all] Error 2
make: *** [Makefile:141: all] Error 2
