[0.014s] Invoking command in '/home/dahyeon/dev_ws/build/uni': CMAKE_PREFIX_PATH=/home/dahyeon/dev_ws/install/srv_alarm_interface:/home/dahyeon/dev_ws/install/uni:/home/dahyeon/dev_ws/install/turtlesim:/home/dahyeon/dev_ws/install/topic_service_action_rclcpp_example:/home/dahyeon/dev_ws/install/time_rclcpp_example:/home/dahyeon/dev_ws/install/tf2_rclcpp_example:/home/dahyeon/dev_ws/install/testbot_description:/home/dahyeon/dev_ws/install/rqt_example:/home/dahyeon/dev_ws/install/my_package:/home/dahyeon/dev_ws/install/my_first_ros_rclcpp_pkg:/home/dahyeon/dev_ws/install/msg_srv_action_interface_example:/home/dahyeon/dev_ws/install/cpp_pubsub:/home/dahyeon/dev_ws/install/topic_service_action_rclpy_example:/home/dahyeon/dev_ws/install/time_rclpy_example:/home/dahyeon/dev_ws/install/tf2_rclpy_example:/home/dahyeon/dev_ws/install/ros2env:/home/dahyeon/dev_ws/install/my_first_ros_rclpy_pkg:/home/dahyeon/dev_ws/install/logging_rclpy_example:/opt/ros/foxy LD_LIBRARY_PATH=/home/dahyeon/dev_ws/install/srv_alarm_interface/lib:/home/dahyeon/dev_ws/install/turtlesim/lib:/home/dahyeon/dev_ws/install/msg_srv_action_interface_example/lib:/opt/ros/foxy/opt/yaml_cpp_vendor/lib:/opt/ros/foxy/opt/rviz_ogre_vendor/lib:/opt/ros/foxy/lib/x86_64-linux-gnu:/opt/ros/foxy/lib PYTHONPATH=/home/dahyeon/dev_ws/install/srv_alarm_interface/lib/python3.8/site-packages:/home/dahyeon/dev_ws/install/turtlesim/lib/python3.8/site-packages:/home/dahyeon/dev_ws/build/topic_service_action_rclpy_example:/home/dahyeon/dev_ws/install/topic_service_action_rclpy_example/lib/python3.8/site-packages:/home/dahyeon/dev_ws/build/time_rclpy_example:/home/dahyeon/dev_ws/install/time_rclpy_example/lib/python3.8/site-packages:/home/dahyeon/dev_ws/build/tf2_rclpy_example:/home/dahyeon/dev_ws/install/tf2_rclpy_example/lib/python3.8/site-packages:/home/dahyeon/dev_ws/install/rqt_example/lib/python3.8/site-packages:/home/dahyeon/dev_ws/build/ros2env:/home/dahyeon/dev_ws/install/ros2env/lib/python3.8/site-packages:/home/dahyeon/dev_ws/build/my_first_ros_rclpy_pkg:/home/dahyeon/dev_ws/install/my_first_ros_rclpy_pkg/lib/python3.8/site-packages:/home/dahyeon/dev_ws/install/msg_srv_action_interface_example/lib/python3.8/site-packages:/home/dahyeon/dev_ws/build/logging_rclpy_example:/home/dahyeon/dev_ws/install/logging_rclpy_example/lib/python3.8/site-packages:/opt/ros/foxy/lib/python3.8/site-packages /usr/bin/cmake --build /home/dahyeon/dev_ws/build/uni -- -j12 -l12
[0.038s] -- Found ament_cmake: 0.9.9 (/opt/ros/foxy/share/ament_cmake/cmake)
[0.068s] -- Using PYTHON_EXECUTABLE: /usr/bin/python3
[0.241s] -- Override CMake install command with custom implementation using symlinks instead of copying resources
[0.248s] -- Found rclcpp: 2.4.1 (/opt/ros/foxy/share/rclcpp/cmake)
[0.279s] -- Using all available rosidl_typesupport_c: rosidl_typesupport_fastrtps_c;rosidl_typesupport_introspection_c
[0.281s] -- Found rosidl_adapter: 1.2.1 (/opt/ros/foxy/share/rosidl_adapter/cmake)
[0.377s] -- Using all available rosidl_typesupport_cpp: rosidl_typesupport_fastrtps_cpp;rosidl_typesupport_introspection_cpp
[0.418s] -- Found rmw_implementation_cmake: 1.0.3 (/opt/ros/foxy/share/rmw_implementation_cmake/cmake)
[0.420s] -- Using RMW implementation 'rmw_fastrtps_cpp' as default
[0.539s] -- Found srv_alarm_interface: 0.6.0 (/home/dahyeon/dev_ws/install/srv_alarm_interface/share/srv_alarm_interface/cmake)
[0.567s] -- Found ament_lint_auto: 0.9.6 (/opt/ros/foxy/share/ament_lint_auto/cmake)
[0.627s] -- Added test 'copyright' to check source files copyright and LICENSE
[0.629s] -- Added test 'cppcheck' to perform static code analysis on C / C++ code
[0.629s] -- Configured cppcheck include dirs: /home/dahyeon/dev_ws/src/uni/include
[0.629s] -- Configured cppcheck exclude dirs and/or files: 
[0.630s] -- Added test 'cpplint' to check C / C++ code against the Google style
[0.630s] -- Configured cpplint exclude dirs and/or files: 
[0.631s] -- Added test 'flake8' to check Python code syntax and style conventions
[0.631s] -- Added test 'lint_cmake' to check CMake code style
[0.631s] -- Added test 'pep257' to check Python code against some of the style conventions in PEP 257
[0.633s] -- Added test 'uncrustify' to check C / C++ code style
[0.633s] -- Configured uncrustify additional arguments: 
[0.633s] -- Added test 'xmllint' to check XML markup files
[0.635s] -- Configuring done
[0.643s] -- Generating done
[0.644s] -- Build files have been written to: /home/dahyeon/dev_ws/build/uni
[0.675s] [ 75%] [32m[1mLinking CXX executable alarmserver[0m
[0.676s] [ 75%] Built target alarmclient
[0.811s] /usr/bin/ld: CMakeFiles/alarmserver.dir/src/alarm/alarmserver.cpp.o: in function `url_get_proc[abi:cxx11](char const*, int)':
[0.811s] alarmserver.cpp:(.text+0x81f): undefined reference to `Json::Reader::Reader()'
[0.812s] /usr/bin/ld: alarmserver.cpp:(.text+0x833): undefined reference to `Json::Value::Value(Json::ValueType)'
[0.812s] /usr/bin/ld: alarmserver.cpp:(.text+0x855): undefined reference to `Json::Reader::parse(std::__cxx11::basic_string<char, std::char_traits<char>, std::allocator<char> > const&, Json::Value&, bool)'
[0.812s] /usr/bin/ld: alarmserver.cpp:(.text+0x86b): undefined reference to `Json::Value::operator[](char const*)'
[0.812s] /usr/bin/ld: alarmserver.cpp:(.text+0x880): undefined reference to `Json::Value::Value(Json::Value const&)'
[0.812s] /usr/bin/ld: alarmserver.cpp:(.text+0x899): undefined reference to `Json::Value::begin()'
[0.812s] /usr/bin/ld: alarmserver.cpp:(.text+0x8b2): undefined reference to `Json::Value::end()'
[0.812s] /usr/bin/ld: alarmserver.cpp:(.text+0x8f1): undefined reference to `Json::Value::operator[](char const*)'
[0.812s] /usr/bin/ld: alarmserver.cpp:(.text+0x906): undefined reference to `Json::Value::Value(Json::Value const&)'
[0.812s] /usr/bin/ld: alarmserver.cpp:(.text+0x91f): undefined reference to `Json::Value::begin()'
[0.812s] /usr/bin/ld: alarmserver.cpp:(.text+0x938): undefined reference to `Json::Value::end()'
[0.813s] /usr/bin/ld: alarmserver.cpp:(.text+0x977): undefined reference to `Json::Value::operator[](char const*)'
[0.813s] /usr/bin/ld: alarmserver.cpp:(.text+0x98c): undefined reference to `Json::Value::Value(Json::Value const&)'
[0.813s] /usr/bin/ld: alarmserver.cpp:(.text+0x9a2): undefined reference to `Json::Value::operator[](char const*)'
[0.813s] /usr/bin/ld: alarmserver.cpp:(.text+0x9b7): undefined reference to `Json::Value::Value(Json::Value const&)'
[0.813s] /usr/bin/ld: alarmserver.cpp:(.text+0x9d0): undefined reference to `Json::Value::asString[abi:cxx11]() const'
[0.813s] /usr/bin/ld: alarmserver.cpp:(.text+0xa37): undefined reference to `Json::Value::~Value()'
[0.813s] /usr/bin/ld: alarmserver.cpp:(.text+0xa46): undefined reference to `Json::Value::~Value()'
[0.813s] /usr/bin/ld: alarmserver.cpp:(.text+0xa69): undefined reference to `Json::Value::~Value()'
[0.813s] /usr/bin/ld: alarmserver.cpp:(.text+0xa7d): undefined reference to `Json::Value::~Value()'
[0.813s] /usr/bin/ld: alarmserver.cpp:(.text+0xa8c): undefined reference to `Json::Value::~Value()'
[0.813s] /usr/bin/ld: CMakeFiles/alarmserver.dir/src/alarm/alarmserver.cpp.o:alarmserver.cpp:(.text+0xb08): more undefined references to `Json::Value::~Value()' follow
[0.813s] /usr/bin/ld: CMakeFiles/alarmserver.dir/src/alarm/alarmserver.cpp.o: in function `Json::ValueIteratorBase::operator!=(Json::ValueIteratorBase const&) const':
[0.813s] alarmserver.cpp:(.text._ZNK4Json17ValueIteratorBaseneERKS0_[_ZNK4Json17ValueIteratorBaseneERKS0_]+0x23): undefined reference to `Json::ValueIteratorBase::isEqual(Json::ValueIteratorBase const&) const'
[0.813s] /usr/bin/ld: CMakeFiles/alarmserver.dir/src/alarm/alarmserver.cpp.o: in function `Json::ValueIterator::operator++(int)':
[0.814s] alarmserver.cpp:(.text._ZN4Json13ValueIteratorppEi[_ZN4Json13ValueIteratorppEi]+0x35): undefined reference to `Json::ValueIterator::ValueIterator(Json::ValueIterator const&)'
[0.814s] /usr/bin/ld: CMakeFiles/alarmserver.dir/src/alarm/alarmserver.cpp.o: in function `Json::ValueIterator::operator++()':
[0.814s] alarmserver.cpp:(.text._ZN4Json13ValueIteratorppEv[_ZN4Json13ValueIteratorppEv]+0x18): undefined reference to `Json::ValueIteratorBase::increment()'
[0.814s] /usr/bin/ld: CMakeFiles/alarmserver.dir/src/alarm/alarmserver.cpp.o: in function `Json::ValueIterator::operator*() const':
[0.814s] alarmserver.cpp:(.text._ZNK4Json13ValueIteratordeEv[_ZNK4Json13ValueIteratordeEv]+0x18): undefined reference to `Json::ValueIteratorBase::deref() const'
[0.814s] collect2: error: ld returned 1 exit status
[0.815s] make[2]: *** [CMakeFiles/alarmserver.dir/build.make:137: alarmserver] Error 1
[0.815s] make[1]: *** [CMakeFiles/Makefile2:107: CMakeFiles/alarmserver.dir/all] Error 2
[0.815s] make: *** [Makefile:141: all] Error 2
[0.817s] Invoked command in '/home/dahyeon/dev_ws/build/uni' returned '2': CMAKE_PREFIX_PATH=/home/dahyeon/dev_ws/install/srv_alarm_interface:/home/dahyeon/dev_ws/install/uni:/home/dahyeon/dev_ws/install/turtlesim:/home/dahyeon/dev_ws/install/topic_service_action_rclcpp_example:/home/dahyeon/dev_ws/install/time_rclcpp_example:/home/dahyeon/dev_ws/install/tf2_rclcpp_example:/home/dahyeon/dev_ws/install/testbot_description:/home/dahyeon/dev_ws/install/rqt_example:/home/dahyeon/dev_ws/install/my_package:/home/dahyeon/dev_ws/install/my_first_ros_rclcpp_pkg:/home/dahyeon/dev_ws/install/msg_srv_action_interface_example:/home/dahyeon/dev_ws/install/cpp_pubsub:/home/dahyeon/dev_ws/install/topic_service_action_rclpy_example:/home/dahyeon/dev_ws/install/time_rclpy_example:/home/dahyeon/dev_ws/install/tf2_rclpy_example:/home/dahyeon/dev_ws/install/ros2env:/home/dahyeon/dev_ws/install/my_first_ros_rclpy_pkg:/home/dahyeon/dev_ws/install/logging_rclpy_example:/opt/ros/foxy LD_LIBRARY_PATH=/home/dahyeon/dev_ws/install/srv_alarm_interface/lib:/home/dahyeon/dev_ws/install/turtlesim/lib:/home/dahyeon/dev_ws/install/msg_srv_action_interface_example/lib:/opt/ros/foxy/opt/yaml_cpp_vendor/lib:/opt/ros/foxy/opt/rviz_ogre_vendor/lib:/opt/ros/foxy/lib/x86_64-linux-gnu:/opt/ros/foxy/lib PYTHONPATH=/home/dahyeon/dev_ws/install/srv_alarm_interface/lib/python3.8/site-packages:/home/dahyeon/dev_ws/install/turtlesim/lib/python3.8/site-packages:/home/dahyeon/dev_ws/build/topic_service_action_rclpy_example:/home/dahyeon/dev_ws/install/topic_service_action_rclpy_example/lib/python3.8/site-packages:/home/dahyeon/dev_ws/build/time_rclpy_example:/home/dahyeon/dev_ws/install/time_rclpy_example/lib/python3.8/site-packages:/home/dahyeon/dev_ws/build/tf2_rclpy_example:/home/dahyeon/dev_ws/install/tf2_rclpy_example/lib/python3.8/site-packages:/home/dahyeon/dev_ws/install/rqt_example/lib/python3.8/site-packages:/home/dahyeon/dev_ws/build/ros2env:/home/dahyeon/dev_ws/install/ros2env/lib/python3.8/site-packages:/home/dahyeon/dev_ws/build/my_first_ros_rclpy_pkg:/home/dahyeon/dev_ws/install/my_first_ros_rclpy_pkg/lib/python3.8/site-packages:/home/dahyeon/dev_ws/install/msg_srv_action_interface_example/lib/python3.8/site-packages:/home/dahyeon/dev_ws/build/logging_rclpy_example:/home/dahyeon/dev_ws/install/logging_rclpy_example/lib/python3.8/site-packages:/opt/ros/foxy/lib/python3.8/site-packages /usr/bin/cmake --build /home/dahyeon/dev_ws/build/uni -- -j12 -l12
