[01m[K/home/dahyeon/dev_ws/src/uni_time/time_calculate/src/time_sub.cpp:9:13:[m[K [01;31m[Kerror: [m[Kâ€˜[01m[KSubscrition[m[Kâ€™ in namespace â€˜[01m[Krclcpp[m[Kâ€™ does not name a template type; did you mean â€˜[01m[KSubscription[m[Kâ€™?
    9 |     rclcpp::[01;31m[KSubscrition[m[K<time_msgs::msg::Time>::SharedPtr time_msg_subscriber_;
      |             [01;31m[K^~~~~~~~~~~[m[K
      |             [32m[KSubscription[m[K
[01m[K/home/dahyeon/dev_ws/src/uni_time/time_calculate/src/time_sub.cpp:25:2:[m[K [01;31m[Kerror: [m[Kexpected â€˜[01m[K;[m[Kâ€™ after class definition
   25 | }
      |  [01;31m[K^[m[K
      |  [32m[K;[m[K
In file included from [01m[K/opt/ros/foxy/include/rclcpp/client.hpp:40[m[K,
                 from [01m[K/opt/ros/foxy/include/rclcpp/callback_group.hpp:23[m[K,
                 from [01m[K/opt/ros/foxy/include/rclcpp/any_executable.hpp:20[m[K,
                 from [01m[K/opt/ros/foxy/include/rclcpp/memory_strategy.hpp:24[m[K,
                 from [01m[K/opt/ros/foxy/include/rclcpp/memory_strategies.hpp:18[m[K,
                 from [01m[K/opt/ros/foxy/include/rclcpp/executor_options.hpp:20[m[K,
                 from [01m[K/opt/ros/foxy/include/rclcpp/executor.hpp:33[m[K,
                 from [01m[K/opt/ros/foxy/include/rclcpp/executors/multi_threaded_executor.hpp:26[m[K,
                 from [01m[K/opt/ros/foxy/include/rclcpp/executors.hpp:21[m[K,
                 from [01m[K/opt/ros/foxy/include/rclcpp/rclcpp.hpp:146[m[K,
                 from [01m[K/home/dahyeon/dev_ws/src/uni_time/time_calculate/src/time_sub.cpp:1[m[K:
[01m[K/home/dahyeon/dev_ws/src/uni_time/time_calculate/src/time_sub.cpp:[m[K In member function â€˜[01m[Kvoid MinimalSubscriber::subscribe_topic_message(time_msgs::msg::Time_<std::allocator<void> >::SharedPtr) const[m[Kâ€™:
[01m[K/home/dahyeon/dev_ws/src/uni_time/time_calculate/src/time_sub.cpp:12:72:[m[K [01;31m[Kerror: [m[Kâ€˜[01m[Kusing element_type = struct time_msgs::msg::Time_<std::allocator<void> >[m[Kâ€™ {aka â€˜[01m[Kstruct time_msgs::msg::Time_<std::allocator<void> >[m[Kâ€™} has no member named â€˜[01m[Kdata[m[Kâ€™
   12 |         RCLCPP_INFO(this->get_logger(), "Received message: '%s'", msg->[01;31m[Kdata[m[K.c_str());
      |                                                                        [01;31m[K^~~~[m[K
[01m[K/home/dahyeon/dev_ws/src/uni_time/time_calculate/src/time_sub.cpp:[m[K In constructor â€˜[01m[KMinimalSubscriber::MinimalSubscriber()[m[Kâ€™:
[01m[K/home/dahyeon/dev_ws/src/uni_time/time_calculate/src/time_sub.cpp:19:15:[m[K [01;31m[Kerror: [m[Kâ€˜[01m[Kclass MinimalSubscriber[m[Kâ€™ has no member named â€˜[01m[Ktime_msg_subscriber_[m[Kâ€™
   19 |         this->[01;31m[Ktime_msg_subscriber_[m[K = this->create_subscrition<time_msgs::msg::Time>(
      |               [01;31m[K^~~~~~~~~~~~~~~~~~~~[m[K
[01m[K/home/dahyeon/dev_ws/src/uni_time/time_calculate/src/time_sub.cpp:19:44:[m[K [01;31m[Kerror: [m[Kâ€˜[01m[Kclass MinimalSubscriber[m[Kâ€™ has no member named â€˜[01m[Kcreate_subscrition[m[Kâ€™; did you mean â€˜[01m[Kcreate_subscription[m[Kâ€™?
   19 |         this->time_msg_subscriber_ = this->[01;31m[Kcreate_subscrition[m[K<time_msgs::msg::Time>(
      |                                            [01;31m[K^~~~~~~~~~~~~~~~~~[m[K
      |                                            [32m[Kcreate_subscription[m[K
[01m[K/home/dahyeon/dev_ws/src/uni_time/time_calculate/src/time_sub.cpp:19:83:[m[K [01;31m[Kerror: [m[Kexpected primary-expression before â€˜[01m[K>[m[Kâ€™ token
   19 |         this->time_msg_subscriber_ = this->create_subscrition<time_msgs::msg::Time[01;31m[K>[m[K(
      |                                                                                   [01;31m[K^[m[K
[01m[K/home/dahyeon/dev_ws/src/uni_time/time_calculate/src/time_sub.cpp:20:13:[m[K [01;35m[Kwarning: [m[Kleft operand of comma operator has no effect [[01;35m[K-Wunused-value[m[K]
   20 |             [01;35m[K"set_alarm"[m[K,
      |             [01;35m[K^~~~~~~~~~~[m[K
[01m[K/home/dahyeon/dev_ws/src/uni_time/time_calculate/src/time_sub.cpp:22:74:[m[K [01;31m[Kerror: [m[Kâ€˜[01m[K_1[m[Kâ€™ was not declared in this scope; did you mean â€˜[01m[Kstd::placeholders::_1[m[Kâ€™?
   22 |             std::bind(&MinimalSubscriber::subscribe_topic_message, this, [01;31m[K_1[m[K));
      |                                                                          [01;31m[K^~[m[K
      |                                                                          [32m[Kstd::placeholders::_1[m[K
In file included from [01m[K/opt/ros/foxy/include/rclcpp/context.hpp:19[m[K,
                 from [01m[K/opt/ros/foxy/include/rclcpp/contexts/default_context.hpp:18[m[K,
                 from [01m[K/opt/ros/foxy/include/rclcpp/executor.hpp:32[m[K,
                 from [01m[K/opt/ros/foxy/include/rclcpp/executors/multi_threaded_executor.hpp:26[m[K,
                 from [01m[K/opt/ros/foxy/include/rclcpp/executors.hpp:21[m[K,
                 from [01m[K/opt/ros/foxy/include/rclcpp/rclcpp.hpp:146[m[K,
                 from [01m[K/home/dahyeon/dev_ws/src/uni_time/time_calculate/src/time_sub.cpp:1[m[K:
[01m[K/usr/include/c++/9/functional:211:34:[m[K [01;36m[Knote: [m[Kâ€˜[01m[Kstd::placeholders::_1[m[Kâ€™ declared here
  211 |     extern const _Placeholder<1> [01;36m[K_1[m[K;
      |                                  [01;36m[K^~[m[K
make[2]: *** [CMakeFiles/minimal_subscriber.dir/build.make:63: CMakeFiles/minimal_subscriber.dir/src/time_sub.cpp.o] Error 1
make[1]: *** [CMakeFiles/Makefile2:138: CMakeFiles/minimal_subscriber.dir/all] Error 2
make: *** [Makefile:141: all] Error 2
