[0.089s] Invoking command in '/home/dahyeon/dev_ws/build/topic_service_action_rclcpp_example': CMAKE_PREFIX_PATH=/home/dahyeon/dev_ws/install/msg_srv_action_interface_example:/home/dahyeon/dev_ws/install/uni:/home/dahyeon/dev_ws/install/turtlesim:/home/dahyeon/dev_ws/install/topic_service_action_rclcpp_example:/home/dahyeon/dev_ws/install/time_rclcpp_example:/home/dahyeon/dev_ws/install/tf2_rclcpp_example:/home/dahyeon/dev_ws/install/testbot_description:/home/dahyeon/dev_ws/install/srv_alarm_interface:/home/dahyeon/dev_ws/install/rqt_example:/home/dahyeon/dev_ws/install/my_package:/home/dahyeon/dev_ws/install/my_first_ros_rclcpp_pkg:/home/dahyeon/dev_ws/install/cpp_pubsub:/home/dahyeon/dev_ws/install/cpp_parameters:/home/dahyeon/dev_ws/install/topic_service_action_rclpy_example:/home/dahyeon/dev_ws/install/time_rclpy_example:/home/dahyeon/dev_ws/install/tf2_rclpy_example:/home/dahyeon/dev_ws/install/ros2env:/home/dahyeon/dev_ws/install/my_first_ros_rclpy_pkg:/home/dahyeon/dev_ws/install/logging_rclpy_example:/opt/ros/foxy LD_LIBRARY_PATH=/home/dahyeon/dev_ws/install/msg_srv_action_interface_example/lib:/home/dahyeon/dev_ws/install/turtlesim/lib:/home/dahyeon/dev_ws/install/srv_alarm_interface/lib:/opt/ros/foxy/opt/yaml_cpp_vendor/lib:/opt/ros/foxy/opt/rviz_ogre_vendor/lib:/opt/ros/foxy/lib/x86_64-linux-gnu:/opt/ros/foxy/lib PYTHONPATH=/home/dahyeon/dev_ws/install/msg_srv_action_interface_example/lib/python3.8/site-packages:/home/dahyeon/dev_ws/install/turtlesim/lib/python3.8/site-packages:/home/dahyeon/dev_ws/build/topic_service_action_rclpy_example:/home/dahyeon/dev_ws/install/topic_service_action_rclpy_example/lib/python3.8/site-packages:/home/dahyeon/dev_ws/build/time_rclpy_example:/home/dahyeon/dev_ws/install/time_rclpy_example/lib/python3.8/site-packages:/home/dahyeon/dev_ws/build/tf2_rclpy_example:/home/dahyeon/dev_ws/install/tf2_rclpy_example/lib/python3.8/site-packages:/home/dahyeon/dev_ws/install/srv_alarm_interface/lib/python3.8/site-packages:/home/dahyeon/dev_ws/install/rqt_example/lib/python3.8/site-packages:/home/dahyeon/dev_ws/build/ros2env:/home/dahyeon/dev_ws/install/ros2env/lib/python3.8/site-packages:/home/dahyeon/dev_ws/build/my_first_ros_rclpy_pkg:/home/dahyeon/dev_ws/install/my_first_ros_rclpy_pkg/lib/python3.8/site-packages:/home/dahyeon/dev_ws/build/logging_rclpy_example:/home/dahyeon/dev_ws/install/logging_rclpy_example/lib/python3.8/site-packages:/opt/ros/foxy/lib/python3.8/site-packages /usr/bin/cmake --build /home/dahyeon/dev_ws/build/topic_service_action_rclcpp_example -- -j12 -l12
[0.416s] -- Found ament_cmake: 0.9.9 (/opt/ros/foxy/share/ament_cmake/cmake)
[0.417s] -- Using PYTHON_EXECUTABLE: /usr/bin/python3
[0.418s] -- Override CMake install command with custom implementation using symlinks instead of copying resources
[0.418s] -- Found msg_srv_action_interface_example: 0.6.0 (/home/dahyeon/dev_ws/install/msg_srv_action_interface_example/share/msg_srv_action_interface_example/cmake)
[0.433s] -- Using all available rosidl_typesupport_c: rosidl_typesupport_fastrtps_c;rosidl_typesupport_introspection_c
[0.443s] -- Found rosidl_adapter: 1.2.1 (/opt/ros/foxy/share/rosidl_adapter/cmake)
[0.613s] -- Using all available rosidl_typesupport_cpp: rosidl_typesupport_fastrtps_cpp;rosidl_typesupport_introspection_cpp
[0.807s] -- Found rclcpp: 2.4.1 (/opt/ros/foxy/share/rclcpp/cmake)
[0.844s] -- Found rmw_implementation_cmake: 1.0.3 (/opt/ros/foxy/share/rmw_implementation_cmake/cmake)
[0.847s] -- Using RMW implementation 'rmw_fastrtps_cpp' as default
[0.975s] -- Found rclcpp_action: 2.4.1 (/opt/ros/foxy/share/rclcpp_action/cmake)
[1.009s] -- Found ament_lint_auto: 0.9.6 (/opt/ros/foxy/share/ament_lint_auto/cmake)
[1.081s] -- Found ament_cmake_gtest: 0.9.9 (/opt/ros/foxy/share/ament_cmake_gtest/cmake)
[1.084s] -- Found gtest sources under '/opt/ros/foxy/src/gtest_vendor': C++ tests using 'Google Test' will be built
[1.092s] -- Added test 'copyright' to check source files copyright and LICENSE
[1.094s] -- Added test 'cppcheck' to perform static code analysis on C / C++ code
[1.094s] -- Configured cppcheck include dirs: /home/dahyeon/dev_ws/src/ros2-seminar-examples/topic_service_action_rclcpp_example/include
[1.094s] -- Configured cppcheck exclude dirs and/or files: 
[1.095s] -- Added test 'cpplint' to check C / C++ code against the Google style
[1.095s] -- Configured cpplint exclude dirs and/or files: 
[1.095s] -- Added test 'flake8' to check Python code syntax and style conventions
[1.096s] -- Added test 'lint_cmake' to check CMake code style
[1.096s] -- Added test 'pep257' to check Python code against some of the style conventions in PEP 257
[1.097s] -- Added test 'uncrustify' to check C / C++ code style
[1.097s] -- Configured uncrustify additional arguments: 
[1.098s] -- Added test 'xmllint' to check XML markup files
[1.101s] -- Configuring done
[1.130s] -- Generating done
[1.131s] -- Build files have been written to: /home/dahyeon/dev_ws/build/topic_service_action_rclcpp_example
[1.156s] [35m[1mScanning dependencies of target operator[0m
[1.156s] [35m[1mScanning dependencies of target argument[0m
[1.161s] [35m[1mScanning dependencies of target calculator[0m
[1.163s] [ 11%] Built target gtest_main
[1.168s] [ 23%] Built target gtest
[1.170s] [ 29%] [32mBuilding CXX object CMakeFiles/checker.dir/src/checker/main.cpp.o[0m
[1.170s] [ 35%] [32mBuilding CXX object CMakeFiles/checker.dir/src/checker/checker.cpp.o[0m
[1.177s] [ 41%] [32mBuilding CXX object CMakeFiles/operator.dir/src/arithmetic/operator.cpp.o[0m
[1.180s] [ 47%] [32mBuilding CXX object CMakeFiles/argument.dir/src/arithmetic/argument.cpp.o[0m
[1.181s] [35m[1mScanning dependencies of target test_calculator[0m
[1.194s] [ 58%] [32mBuilding CXX object CMakeFiles/calculator.dir/src/calculator/calculator.cpp.o[0m
[1.194s] [ 58%] [32mBuilding CXX object CMakeFiles/calculator.dir/src/calculator/main.cpp.o[0m
[1.206s] [ 64%] [32mBuilding CXX object test/CMakeFiles/test_calculator.dir/test_calculator.cpp.o[0m
[1.207s] [ 70%] [32mBuilding CXX object test/CMakeFiles/test_calculator.dir/__/src/calculator/calculator.cpp.o[0m
[3.078s] make[2]: *** [CMakeFiles/calculator.dir/build.make:76: CMakeFiles/calculator.dir/src/calculator/calculator.cpp.o] Interrupt
[3.079s] make[2]: *** [CMakeFiles/checker.dir/build.make:63: CMakeFiles/checker.dir/src/checker/main.cpp.o] Interrupt
[3.079s] make[2]: *** wait: No child processes.  Stop.
[3.079s] make[2]: *** Waiting for unfinished jobs....
[3.079s] make[2]: *** wait: No child processes.  Stop.
[3.079s] make[2]: *** wait: No child processes.  Stop.
[3.079s] make[2]: *** Waiting for unfinished jobs....
[3.079s] make[2]: *** wait: No child processes.  Stop.
[3.079s] make[2]: *** [test/CMakeFiles/test_calculator.dir/build.make:63: test/CMakeFiles/test_calculator.dir/test_calculator.cpp.o] Interrupt
[3.079s] make[2]: *** [CMakeFiles/argument.dir/build.make:63: CMakeFiles/argument.dir/src/arithmetic/argument.cpp.o] Interrupt
[3.079s] make[1]: *** [CMakeFiles/Makefile2:152: CMakeFiles/operator.dir/all] Error 2
[3.079s] make[1]: *** [CMakeFiles/Makefile2:179: CMakeFiles/calculator.dir/all] Interrupt
[3.080s] make[1]: *** [CMakeFiles/Makefile2:206: CMakeFiles/argument.dir/all] Interrupt
[3.080s] make[2]: *** [test/CMakeFiles/test_calculator.dir/build.make:76: test/CMakeFiles/test_calculator.dir/__/src/calculator/calculator.cpp.o] Interrupt
[3.080s] make[1]: *** [CMakeFiles/Makefile2:288: test/CMakeFiles/test_calculator.dir/all] Interrupt
[3.080s] make[1]: *** wait: No child processes.  Stop.
[3.080s] make[1]: *** Waiting for unfinished jobs....
[3.080s] make[1]: *** wait: No child processes.  Stop.
[3.081s] make: *** [Makefile:141: all] Error 2
[3.102s] Invoked command in '/home/dahyeon/dev_ws/build/topic_service_action_rclcpp_example' returned '-2': CMAKE_PREFIX_PATH=/home/dahyeon/dev_ws/install/msg_srv_action_interface_example:/home/dahyeon/dev_ws/install/uni:/home/dahyeon/dev_ws/install/turtlesim:/home/dahyeon/dev_ws/install/topic_service_action_rclcpp_example:/home/dahyeon/dev_ws/install/time_rclcpp_example:/home/dahyeon/dev_ws/install/tf2_rclcpp_example:/home/dahyeon/dev_ws/install/testbot_description:/home/dahyeon/dev_ws/install/srv_alarm_interface:/home/dahyeon/dev_ws/install/rqt_example:/home/dahyeon/dev_ws/install/my_package:/home/dahyeon/dev_ws/install/my_first_ros_rclcpp_pkg:/home/dahyeon/dev_ws/install/cpp_pubsub:/home/dahyeon/dev_ws/install/cpp_parameters:/home/dahyeon/dev_ws/install/topic_service_action_rclpy_example:/home/dahyeon/dev_ws/install/time_rclpy_example:/home/dahyeon/dev_ws/install/tf2_rclpy_example:/home/dahyeon/dev_ws/install/ros2env:/home/dahyeon/dev_ws/install/my_first_ros_rclpy_pkg:/home/dahyeon/dev_ws/install/logging_rclpy_example:/opt/ros/foxy LD_LIBRARY_PATH=/home/dahyeon/dev_ws/install/msg_srv_action_interface_example/lib:/home/dahyeon/dev_ws/install/turtlesim/lib:/home/dahyeon/dev_ws/install/srv_alarm_interface/lib:/opt/ros/foxy/opt/yaml_cpp_vendor/lib:/opt/ros/foxy/opt/rviz_ogre_vendor/lib:/opt/ros/foxy/lib/x86_64-linux-gnu:/opt/ros/foxy/lib PYTHONPATH=/home/dahyeon/dev_ws/install/msg_srv_action_interface_example/lib/python3.8/site-packages:/home/dahyeon/dev_ws/install/turtlesim/lib/python3.8/site-packages:/home/dahyeon/dev_ws/build/topic_service_action_rclpy_example:/home/dahyeon/dev_ws/install/topic_service_action_rclpy_example/lib/python3.8/site-packages:/home/dahyeon/dev_ws/build/time_rclpy_example:/home/dahyeon/dev_ws/install/time_rclpy_example/lib/python3.8/site-packages:/home/dahyeon/dev_ws/build/tf2_rclpy_example:/home/dahyeon/dev_ws/install/tf2_rclpy_example/lib/python3.8/site-packages:/home/dahyeon/dev_ws/install/srv_alarm_interface/lib/python3.8/site-packages:/home/dahyeon/dev_ws/install/rqt_example/lib/python3.8/site-packages:/home/dahyeon/dev_ws/build/ros2env:/home/dahyeon/dev_ws/install/ros2env/lib/python3.8/site-packages:/home/dahyeon/dev_ws/build/my_first_ros_rclpy_pkg:/home/dahyeon/dev_ws/install/my_first_ros_rclpy_pkg/lib/python3.8/site-packages:/home/dahyeon/dev_ws/build/logging_rclpy_example:/home/dahyeon/dev_ws/install/logging_rclpy_example/lib/python3.8/site-packages:/opt/ros/foxy/lib/python3.8/site-packages /usr/bin/cmake --build /home/dahyeon/dev_ws/build/topic_service_action_rclcpp_example -- -j12 -l12
