[01m[K/home/dahyeon/dev_ws/src/uni_time/time_calculate/src/main.cpp:[m[K In function â€˜[01m[Kint main(int, char**)[m[Kâ€™:
[01m[K/home/dahyeon/dev_ws/src/uni_time/time_calculate/src/main.cpp:9:9:[m[K [01;31m[Kerror: [m[Kâ€˜[01m[Kalarm_client_node[m[Kâ€™ was not declared in this scope
    9 |         [01;31m[Kalarm_client_node[m[K->send_request();
      |         [01;31m[K^~~~~~~~~~~~~~~~~[m[K
make[2]: *** [CMakeFiles/time_calculate_node.dir/build.make:63: CMakeFiles/time_calculate_node.dir/src/main.cpp.o] Error 1
make[1]: *** [CMakeFiles/Makefile2:78: CMakeFiles/time_calculate_node.dir/all] Error 2
make: *** [Makefile:141: all] Error 2
