[35m[1mScanning dependencies of target alarmserver[0m
[ 66%] Built target alarm_change_client
[ 66%] Built target alarmclient
[ 83%] [32mBuilding CXX object CMakeFiles/alarmserver.dir/src/alarm/alarmserver.cpp.o[0m
[01m[K/home/dahyeon/dev_ws/src/uni/src/alarm/alarmserver.cpp:[m[K In constructor â€˜[01m[KAlarmserver::Alarmserver(const rclcpp::NodeOptions&)[m[Kâ€™:
[01m[K/home/dahyeon/dev_ws/src/uni/src/alarm/alarmserver.cpp:25:80:[m[K [01;35m[Kwarning: [m[Kâ€˜[01m[Krclcpp::Node::OnParametersSetCallbackType rclcpp::Node::set_on_parameters_set_callback(rclcpp::Node::OnParametersSetCallbackType)[m[Kâ€™ is deprecated: use add_on_set_parameters_callback(OnParametersSetCallbackType callback) instead [[01;35m[K-Wdeprecated-declarations[m[K]
   25 |       std::bind(&Alarmserver::parameter_call_back, this, std::placeholders::_1)[01;35m[K)[m[K;
      |                                                                                [01;35m[K^[m[K
In file included from [01m[K/opt/ros/foxy/include/rclcpp/executors/single_threaded_executor.hpp:28[m[K,
                 from [01m[K/opt/ros/foxy/include/rclcpp/executors.hpp:22[m[K,
                 from [01m[K/opt/ros/foxy/include/rclcpp/rclcpp.hpp:146[m[K,
                 from [01m[K/home/dahyeon/dev_ws/src/uni/include/alarm/alarmserver.hpp:4[m[K,
                 from [01m[K/home/dahyeon/dev_ws/src/uni/src/alarm/alarmserver.cpp:1[m[K:
[01m[K/opt/ros/foxy/include/rclcpp/node.hpp:866:3:[m[K [01;36m[Knote: [m[Kdeclared here
  866 |   [01;36m[Kset_on_parameters_set_callback[m[K(rclcpp::Node::OnParametersSetCallbackType callback);
      |   [01;36m[K^~~~~~~~~~~~~~~~~~~~~~~~~~~~~~[m[K
[01m[K/home/dahyeon/dev_ws/src/uni/src/alarm/alarmserver.cpp:[m[K In member function â€˜[01m[Kstd::string Alarmserver::calculate_alarm_time()[m[Kâ€™:
[01m[K/home/dahyeon/dev_ws/src/uni/src/alarm/alarmserver.cpp:84:83:[m[K [01;31m[Kerror: [m[Kno matching function for call to â€˜[01m[KAlarmserver::get_data(int8_t&, std::string&, int8_t&, int8_t&)[m[Kâ€™
   84 |   std::string str_out = get_data(option_, out_time_, average_time_, alarm_request_[01;31m[K)[m[K;
      |                                                                                   [01;31m[K^[m[K
In file included from [01m[K/home/dahyeon/dev_ws/src/uni/src/alarm/alarmserver.cpp:1[m[K:
[01m[K/home/dahyeon/dev_ws/src/uni/include/alarm/alarmserver.hpp:24:17:[m[K [01;36m[Knote: [m[Kcandidate: â€˜[01m[Kstd::string Alarmserver::get_data()[m[Kâ€™
   24 |     std::string [01;36m[Kget_data[m[K();
      |                 [01;36m[K^~~~~~~~[m[K
[01m[K/home/dahyeon/dev_ws/src/uni/include/alarm/alarmserver.hpp:24:17:[m[K [01;36m[Knote: [m[K  candidate expects 0 arguments, 4 provided
[01m[K/home/dahyeon/dev_ws/src/uni/src/alarm/alarmserver.cpp:[m[K In function â€˜[01m[Kstd::string get_data(int8_t, std::string, int8_t, int8_t)[m[Kâ€™:
[01m[K/home/dahyeon/dev_ws/src/uni/src/alarm/alarmserver.cpp:159:35:[m[K [01;31m[Kerror: [m[Kâ€˜[01m[Kalarm_request_[m[Kâ€™ was not declared in this scope; did you mean â€˜[01m[Kalarm_request[m[Kâ€™?
  159 |     out_string = "2&" + to_string([01;31m[Kalarm_request_[m[K) + "&";
      |                                   [01;31m[K^~~~~~~~~~~~~~[m[K
      |                                   [32m[Kalarm_request[m[K
make[2]: *** [CMakeFiles/alarmserver.dir/build.make:63: CMakeFiles/alarmserver.dir/src/alarm/alarmserver.cpp.o] Error 1
make[1]: *** [CMakeFiles/Makefile2:136: CMakeFiles/alarmserver.dir/all] Error 2
make: *** [Makefile:141: all] Error 2
