[0.015s] Invoking command in '/home/dahyeon/dev_ws/build/uni': CMAKE_PREFIX_PATH=/home/dahyeon/dev_ws/install/srv_alarm_interface:/home/dahyeon/dev_ws/install/uni:/home/dahyeon/dev_ws/install/turtlesim:/home/dahyeon/dev_ws/install/topic_service_action_rclcpp_example:/home/dahyeon/dev_ws/install/time_rclcpp_example:/home/dahyeon/dev_ws/install/tf2_rclcpp_example:/home/dahyeon/dev_ws/install/testbot_description:/home/dahyeon/dev_ws/install/rqt_example:/home/dahyeon/dev_ws/install/my_package:/home/dahyeon/dev_ws/install/my_first_ros_rclcpp_pkg:/home/dahyeon/dev_ws/install/msg_srv_action_interface_example:/home/dahyeon/dev_ws/install/cpp_pubsub:/home/dahyeon/dev_ws/install/topic_service_action_rclpy_example:/home/dahyeon/dev_ws/install/time_rclpy_example:/home/dahyeon/dev_ws/install/tf2_rclpy_example:/home/dahyeon/dev_ws/install/ros2env:/home/dahyeon/dev_ws/install/my_first_ros_rclpy_pkg:/home/dahyeon/dev_ws/install/logging_rclpy_example:/opt/ros/foxy LD_LIBRARY_PATH=/home/dahyeon/dev_ws/install/srv_alarm_interface/lib:/home/dahyeon/dev_ws/install/turtlesim/lib:/home/dahyeon/dev_ws/install/msg_srv_action_interface_example/lib:/opt/ros/foxy/opt/yaml_cpp_vendor/lib:/opt/ros/foxy/opt/rviz_ogre_vendor/lib:/opt/ros/foxy/lib/x86_64-linux-gnu:/opt/ros/foxy/lib PYTHONPATH=/home/dahyeon/dev_ws/install/srv_alarm_interface/lib/python3.8/site-packages:/home/dahyeon/dev_ws/install/turtlesim/lib/python3.8/site-packages:/home/dahyeon/dev_ws/build/topic_service_action_rclpy_example:/home/dahyeon/dev_ws/install/topic_service_action_rclpy_example/lib/python3.8/site-packages:/home/dahyeon/dev_ws/build/time_rclpy_example:/home/dahyeon/dev_ws/install/time_rclpy_example/lib/python3.8/site-packages:/home/dahyeon/dev_ws/build/tf2_rclpy_example:/home/dahyeon/dev_ws/install/tf2_rclpy_example/lib/python3.8/site-packages:/home/dahyeon/dev_ws/install/rqt_example/lib/python3.8/site-packages:/home/dahyeon/dev_ws/build/ros2env:/home/dahyeon/dev_ws/install/ros2env/lib/python3.8/site-packages:/home/dahyeon/dev_ws/build/my_first_ros_rclpy_pkg:/home/dahyeon/dev_ws/install/my_first_ros_rclpy_pkg/lib/python3.8/site-packages:/home/dahyeon/dev_ws/install/msg_srv_action_interface_example/lib/python3.8/site-packages:/home/dahyeon/dev_ws/build/logging_rclpy_example:/home/dahyeon/dev_ws/install/logging_rclpy_example/lib/python3.8/site-packages:/opt/ros/foxy/lib/python3.8/site-packages /usr/bin/cmake --build /home/dahyeon/dev_ws/build/uni -- -j12 -l12
[0.053s] [35m[1mScanning dependencies of target alarmserver[0m
[0.069s] [ 50%] Built target alarmclient
[0.074s] [ 75%] [32mBuilding CXX object CMakeFiles/alarmserver.dir/src/alarm/alarmserver.cpp.o[0m
[1.781s] [100%] [32m[1mLinking CXX executable alarmserver[0m
[1.916s] /usr/bin/ld: CMakeFiles/alarmserver.dir/src/alarm/alarmserver.cpp.o: in function `url_get_proc[abi:cxx11](char const*, int)':
[1.916s] alarmserver.cpp:(.text+0x81f): undefined reference to `Json::Reader::Reader()'
[1.917s] /usr/bin/ld: alarmserver.cpp:(.text+0x833): undefined reference to `Json::Value::Value(Json::ValueType)'
[1.917s] /usr/bin/ld: alarmserver.cpp:(.text+0x855): undefined reference to `Json::Reader::parse(std::__cxx11::basic_string<char, std::char_traits<char>, std::allocator<char> > const&, Json::Value&, bool)'
[1.917s] /usr/bin/ld: alarmserver.cpp:(.text+0x86b): undefined reference to `Json::Value::operator[](char const*)'
[1.917s] /usr/bin/ld: alarmserver.cpp:(.text+0x880): undefined reference to `Json::Value::Value(Json::Value const&)'
[1.917s] /usr/bin/ld: alarmserver.cpp:(.text+0x899): undefined reference to `Json::Value::begin()'
[1.917s] /usr/bin/ld: alarmserver.cpp:(.text+0x8b2): undefined reference to `Json::Value::end()'
[1.917s] /usr/bin/ld: alarmserver.cpp:(.text+0x8f1): undefined reference to `Json::Value::operator[](char const*)'
[1.917s] /usr/bin/ld: alarmserver.cpp:(.text+0x906): undefined reference to `Json::Value::Value(Json::Value const&)'
[1.918s] /usr/bin/ld: alarmserver.cpp:(.text+0x91f): undefined reference to `Json::Value::begin()'
[1.918s] /usr/bin/ld: alarmserver.cpp:(.text+0x938): undefined reference to `Json::Value::end()'
[1.918s] /usr/bin/ld: alarmserver.cpp:(.text+0x977): undefined reference to `Json::Value::operator[](char const*)'
[1.918s] /usr/bin/ld: alarmserver.cpp:(.text+0x98c): undefined reference to `Json::Value::Value(Json::Value const&)'
[1.918s] /usr/bin/ld: alarmserver.cpp:(.text+0x9a2): undefined reference to `Json::Value::operator[](char const*)'
[1.918s] /usr/bin/ld: alarmserver.cpp:(.text+0x9b7): undefined reference to `Json::Value::Value(Json::Value const&)'
[1.918s] /usr/bin/ld: alarmserver.cpp:(.text+0x9d0): undefined reference to `Json::Value::asString[abi:cxx11]() const'
[1.918s] /usr/bin/ld: alarmserver.cpp:(.text+0xa37): undefined reference to `Json::Value::~Value()'
[1.918s] /usr/bin/ld: alarmserver.cpp:(.text+0xa46): undefined reference to `Json::Value::~Value()'
[1.918s] /usr/bin/ld: alarmserver.cpp:(.text+0xa69): undefined reference to `Json::Value::~Value()'
[1.918s] /usr/bin/ld: alarmserver.cpp:(.text+0xa7d): undefined reference to `Json::Value::~Value()'
[1.918s] /usr/bin/ld: alarmserver.cpp:(.text+0xa8c): undefined reference to `Json::Value::~Value()'
[1.918s] /usr/bin/ld: CMakeFiles/alarmserver.dir/src/alarm/alarmserver.cpp.o:alarmserver.cpp:(.text+0xb08): more undefined references to `Json::Value::~Value()' follow
[1.918s] /usr/bin/ld: CMakeFiles/alarmserver.dir/src/alarm/alarmserver.cpp.o: in function `Json::ValueIteratorBase::operator!=(Json::ValueIteratorBase const&) const':
[1.918s] alarmserver.cpp:(.text._ZNK4Json17ValueIteratorBaseneERKS0_[_ZNK4Json17ValueIteratorBaseneERKS0_]+0x23): undefined reference to `Json::ValueIteratorBase::isEqual(Json::ValueIteratorBase const&) const'
[1.918s] /usr/bin/ld: CMakeFiles/alarmserver.dir/src/alarm/alarmserver.cpp.o: in function `Json::ValueIterator::operator++(int)':
[1.918s] alarmserver.cpp:(.text._ZN4Json13ValueIteratorppEi[_ZN4Json13ValueIteratorppEi]+0x35): undefined reference to `Json::ValueIterator::ValueIterator(Json::ValueIterator const&)'
[1.918s] /usr/bin/ld: CMakeFiles/alarmserver.dir/src/alarm/alarmserver.cpp.o: in function `Json::ValueIterator::operator++()':
[1.918s] alarmserver.cpp:(.text._ZN4Json13ValueIteratorppEv[_ZN4Json13ValueIteratorppEv]+0x18): undefined reference to `Json::ValueIteratorBase::increment()'
[1.918s] /usr/bin/ld: CMakeFiles/alarmserver.dir/src/alarm/alarmserver.cpp.o: in function `Json::ValueIterator::operator*() const':
[1.919s] alarmserver.cpp:(.text._ZNK4Json13ValueIteratordeEv[_ZNK4Json13ValueIteratordeEv]+0x18): undefined reference to `Json::ValueIteratorBase::deref() const'
[1.919s] collect2: error: ld returned 1 exit status
[1.920s] make[2]: *** [CMakeFiles/alarmserver.dir/build.make:137: alarmserver] Error 1
[1.920s] make[1]: *** [CMakeFiles/Makefile2:107: CMakeFiles/alarmserver.dir/all] Error 2
[1.920s] make: *** [Makefile:141: all] Error 2
[1.922s] Invoked command in '/home/dahyeon/dev_ws/build/uni' returned '2': CMAKE_PREFIX_PATH=/home/dahyeon/dev_ws/install/srv_alarm_interface:/home/dahyeon/dev_ws/install/uni:/home/dahyeon/dev_ws/install/turtlesim:/home/dahyeon/dev_ws/install/topic_service_action_rclcpp_example:/home/dahyeon/dev_ws/install/time_rclcpp_example:/home/dahyeon/dev_ws/install/tf2_rclcpp_example:/home/dahyeon/dev_ws/install/testbot_description:/home/dahyeon/dev_ws/install/rqt_example:/home/dahyeon/dev_ws/install/my_package:/home/dahyeon/dev_ws/install/my_first_ros_rclcpp_pkg:/home/dahyeon/dev_ws/install/msg_srv_action_interface_example:/home/dahyeon/dev_ws/install/cpp_pubsub:/home/dahyeon/dev_ws/install/topic_service_action_rclpy_example:/home/dahyeon/dev_ws/install/time_rclpy_example:/home/dahyeon/dev_ws/install/tf2_rclpy_example:/home/dahyeon/dev_ws/install/ros2env:/home/dahyeon/dev_ws/install/my_first_ros_rclpy_pkg:/home/dahyeon/dev_ws/install/logging_rclpy_example:/opt/ros/foxy LD_LIBRARY_PATH=/home/dahyeon/dev_ws/install/srv_alarm_interface/lib:/home/dahyeon/dev_ws/install/turtlesim/lib:/home/dahyeon/dev_ws/install/msg_srv_action_interface_example/lib:/opt/ros/foxy/opt/yaml_cpp_vendor/lib:/opt/ros/foxy/opt/rviz_ogre_vendor/lib:/opt/ros/foxy/lib/x86_64-linux-gnu:/opt/ros/foxy/lib PYTHONPATH=/home/dahyeon/dev_ws/install/srv_alarm_interface/lib/python3.8/site-packages:/home/dahyeon/dev_ws/install/turtlesim/lib/python3.8/site-packages:/home/dahyeon/dev_ws/build/topic_service_action_rclpy_example:/home/dahyeon/dev_ws/install/topic_service_action_rclpy_example/lib/python3.8/site-packages:/home/dahyeon/dev_ws/build/time_rclpy_example:/home/dahyeon/dev_ws/install/time_rclpy_example/lib/python3.8/site-packages:/home/dahyeon/dev_ws/build/tf2_rclpy_example:/home/dahyeon/dev_ws/install/tf2_rclpy_example/lib/python3.8/site-packages:/home/dahyeon/dev_ws/install/rqt_example/lib/python3.8/site-packages:/home/dahyeon/dev_ws/build/ros2env:/home/dahyeon/dev_ws/install/ros2env/lib/python3.8/site-packages:/home/dahyeon/dev_ws/build/my_first_ros_rclpy_pkg:/home/dahyeon/dev_ws/install/my_first_ros_rclpy_pkg/lib/python3.8/site-packages:/home/dahyeon/dev_ws/install/msg_srv_action_interface_example/lib/python3.8/site-packages:/home/dahyeon/dev_ws/build/logging_rclpy_example:/home/dahyeon/dev_ws/install/logging_rclpy_example/lib/python3.8/site-packages:/opt/ros/foxy/lib/python3.8/site-packages /usr/bin/cmake --build /home/dahyeon/dev_ws/build/uni -- -j12 -l12
